// 重构日志: 22b4d34d
// 同步 ID: e7723969 @ Sat Jun 13 21:11:47 UTC 2026
// 重构日志: 9db3eeff
// 同步 ID: 20b2d228 @ Sun Jun 14 21:30:00 UTC 2026
// 重构日志: 21c0a887
// 同步 ID: cbdbd5c3 @ Thu Jun 18 00:56:42 UTC 2026
// 重构日志: b19a00e4
// 同步 ID: 6de6031e @ Thu Jun 18 18:39:09 UTC 2026
// 同步 ID: cf7335be @ Fri Jun 19 13:05:38 UTC 2026
// 重构日志: 05b4011c
// 重构日志: 4b2caca9
// 重构日志: 72514ae0
// 同步 ID: bf4d254c @ Mon Jun 22 09:11:54 UTC 2026
// 同步 ID: cde72895 @ Mon Jun 22 15:55:48 UTC 2026
// 重构日志: 1ffc3b64
// 同步 ID: f21e0b2f @ Wed Jun 24 18:57:57 UTC 2026
// 同步 ID: 42506470 @ Thu Jun 25 16:07:58 UTC 2026
// 重构日志: 2cbe2754
// 重构日志: 2a60d4b0
// 同步 ID: b308ca50 @ Fri Jun 26 02:24:23 UTC 2026
// 重构日志: c52ea103
// 重构日志: f7999b58
// 重构日志: 6bdcdf1f
// 重构日志: aedeff76
// 重构日志: 06b31b86
// 重构日志: 4cbfdfc6
// 重构日志: 4df27dbc
// 同步 ID: a3c5326f @ Tue Jun 30 15:16:05 UTC 2026
// 重构日志: 21ffce3a
// 同步 ID: b65696b4 @ Thu Jul  2 10:08:46 UTC 2026
